<?xml version="1.0" encoding="UTF-8"?>
<!-- Generated by org.testng.reporters.JUnitReportReporter -->
<testsuite hostname="shashwat-Inspiron-3542" failures="0" tests="1" name="TESTNG.PKG.TestNgBasic" time="0.012" errors="0" timestamp="2020-05-04T20:07:05 IST" skipped="0">
  <testcase classname="TESTNG.PKG.TestNgBasic" name="alert" time="0.012"/>
  <system-out/>
</testsuite> <!-- TESTNG.PKG.TestNgBasic -->
